[    4110ms] [ERROR] c: MISSING_MESSAGE: affiliates (en)
    at https://s2.blofin.com/frontend/_exchange_website/_next/static/chunks/pages/_app-0075bf66a6efc16c.js:88:219679
    at t.createBaseTranslator (https://s2.blofin.com/frontend/_exchange_website/_next/static/chunks/pages/_app-0075bf66a6efc16c.js:88:219729)
    at https://s2.blofin.com/frontend/_exchange_website/_next/static/chunks/pages/_app-0075bf66a6efc16c.js:88:227010
    at Object.useMemo (https://s2.blofin.com/frontend/_exchange_website/_next/static/chunks/framework-7dc034a2c742d39c.js:1:65176)
    at n.useMemo (https://s2.blofin.com/frontend/_exchange_website/_next/static/chunks/framework-7dc034a2c742d39c.js:1:136083)
    at https://s2.blofin.com/frontend/_exchange_website/_next/static/chunks/pages/_app-0075bf66a6efc16c.js:88:226996
    at t.useTranslations (https://s2.blofin.com/frontend/_exchange_website/_next/static/chunks/pages/_app-0075bf66a6efc16c.js:88:227189)
    at https://s2.blofin.com/frontend/_exchange_website/_next/static/chunks/pages/_app-0075bf66a6efc16c.js:1:279225
    at N (https://s2.blofin.com/frontend/_exchange_website/_next/static/chunks/pages/_app-0075bf66a6efc16c.js:1:301653)
    at ad (https://s2.blofin.com/frontend/_exchange_website/_next/static/chunks/framework-7dc034a2c742d39c.js:1:58866)
    at i (https://s2.blofin.com/frontend/_exchange_website/_next/static/chunks/framework-7dc034a2c742d39c.js:1:119831)
    at oO (https://s2.blofin.com/frontend/_exchange_website/_next/static/chunks/framework-7dc034a2c742d39c.js:1:99484)
    at https://s2.blofin.com/frontend/_exchange_website/_next/static/chunks/framework-7dc034a2c742d39c.js:1:99351
    at oF (https://s2.blofin.com/frontend/_exchange_website/_next/static/chunks/framework-7dc034a2c742d39c.js:1:99358)
    at oS (https://s2.blofin.com/frontend/_exchange_website/_next/static/chunks/framework-7dc034a2c742d39c.js:1:94397)
    at E (https://s2.blofin.com/frontend/_exchange_website/_next/static/chunks/framework-7dc034a2c742d39c.js:1:137894)
    at MessagePort.T (https://s2.blofin.com/frontend/_exchange_website/_next/static/chunks/framework-7dc034a2c742d39c.js:1:138424) @ https://s2.blofin.com/frontend/_exchange_website/_next/static/chunks/pages/_app-0075bf66a6efc16c.js:11
[    8187ms] [ERROR] c: MISSING_MESSAGE: affiliates (en)
    at https://s2.blofin.com/frontend/_exchange_website/_next/static/chunks/pages/_app-0075bf66a6efc16c.js:88:219679
    at t.createBaseTranslator (https://s2.blofin.com/frontend/_exchange_website/_next/static/chunks/pages/_app-0075bf66a6efc16c.js:88:219729)
    at https://s2.blofin.com/frontend/_exchange_website/_next/static/chunks/pages/_app-0075bf66a6efc16c.js:88:227010
    at Object.aV [as useMemo] (https://s2.blofin.com/frontend/_exchange_website/_next/static/chunks/framework-7dc034a2c742d39c.js:1:63239)
    at n.useMemo (https://s2.blofin.com/frontend/_exchange_website/_next/static/chunks/framework-7dc034a2c742d39c.js:1:136083)
    at https://s2.blofin.com/frontend/_exchange_website/_next/static/chunks/pages/_app-0075bf66a6efc16c.js:88:226996
    at t.useTranslations (https://s2.blofin.com/frontend/_exchange_website/_next/static/chunks/pages/_app-0075bf66a6efc16c.js:88:227189)
    at https://s2.blofin.com/frontend/_exchange_website/_next/static/chunks/pages/_app-0075bf66a6efc16c.js:1:279225
    at N (https://s2.blofin.com/frontend/_exchange_website/_next/static/chunks/pages/_app-0075bf66a6efc16c.js:1:301653)
    at ad (https://s2.blofin.com/frontend/_exchange_website/_next/static/chunks/framework-7dc034a2c742d39c.js:1:58866)
    at ud (https://s2.blofin.com/frontend/_exchange_website/_next/static/chunks/framework-7dc034a2c742d39c.js:1:73196)
    at i (https://s2.blofin.com/frontend/_exchange_website/_next/static/chunks/framework-7dc034a2c742d39c.js:1:120728)
    at oO (https://s2.blofin.com/frontend/_exchange_website/_next/static/chunks/framework-7dc034a2c742d39c.js:1:99484)
    at https://s2.blofin.com/frontend/_exchange_website/_next/static/chunks/framework-7dc034a2c742d39c.js:1:99351
    at oF (https://s2.blofin.com/frontend/_exchange_website/_next/static/chunks/framework-7dc034a2c742d39c.js:1:99358)
    at oS (https://s2.blofin.com/frontend/_exchange_website/_next/static/chunks/framework-7dc034a2c742d39c.js:1:94397)
    at E (https://s2.blofin.com/frontend/_exchange_website/_next/static/chunks/framework-7dc034a2c742d39c.js:1:137894)
    at MessagePort.T (https://s2.blofin.com/frontend/_exchange_website/_next/static/chunks/framework-7dc034a2c742d39c.js:1:138424) @ https://s2.blofin.com/frontend/_exchange_website/_next/static/chunks/pages/_app-0075bf66a6efc16c.js:11
[   10323ms] [ERROR]  Note that 'script-src' was not explicitly set, so 'default-src' is used as a fallback. @ https://challenges.cloudflare.com/cdn-cgi/challenge-platform/h/g/turnstile/f/ov2/av0/rch/irfap/0x4AAAAAAAFqaqYE4BDlAyAC/light/fbE/new/flexible?lang=auto:0
[   10751ms] [ERROR] Failed to load resource: the server responded with a status of 401 () @ https://challenges.cloudflare.com/cdn-cgi/challenge-platform/h/g/pat/9dbd1ca7b9238f7e/1773426648717/db7a33ae77695960057aff4fc8e5997fb7ceae63dfcb0ecfcd75c8030e4a5708/cO7TCtj1J1UH1QQ:0
[   11651ms] [ERROR] %c%d font-size:0;color:transparent NaN @ https://challenges.cloudflare.com/cdn-cgi/challenge-platform/h/g/turnstile/f/ov2/av0/rch/irfap/0x4AAAAAAAFqaqYE4BDlAyAC/light/fbE/new/flexible?lang=auto:0
[   11652ms] [ERROR] %c%d font-size:0;color:transparent NaN @ https://challenges.cloudflare.com/cdn-cgi/challenge-platform/h/g/turnstile/f/ov2/av0/rch/irfap/0x4AAAAAAAFqaqYE4BDlAyAC/light/fbE/new/flexible?lang=auto:0
[   11654ms] [WARNING] %c%d font-size:0;color:transparent NaN @ https://challenges.cloudflare.com/cdn-cgi/challenge-platform/h/g/turnstile/f/ov2/av0/rch/irfap/0x4AAAAAAAFqaqYE4BDlAyAC/light/fbE/new/flexible?lang=auto:0
[   11655ms] [WARNING] %c%d font-size:0;color:transparent NaN @ https://challenges.cloudflare.com/cdn-cgi/challenge-platform/h/g/turnstile/f/ov2/av0/rch/irfap/0x4AAAAAAAFqaqYE4BDlAyAC/light/fbE/new/flexible?lang=auto:0
[   16495ms] [WARNING] The resource https://challenges.cloudflare.com/cdn-cgi/challenge-platform/h/g/cmg/1 was preloaded using link preload but not used within a few seconds from the window's load event. Please make sure it has an appropriate `as` value and it is preloaded intentionally. @ https://challenges.cloudflare.com/cdn-cgi/challenge-platform/h/g/turnstile/f/ov2/av0/rch/irfap/0x4AAAAAAAFqaqYE4BDlAyAC/light/fbE/new/flexible?lang=auto:0
[  304354ms] [ERROR] Failed to load resource: the server responded with a status of 401 () @ https://challenges.cloudflare.com/cdn-cgi/challenge-platform/h/g/pat/9dbd23d599e78f7e/1773426942775/c074eb034007c23b88bfd6f44db7bcdb31a8fca583f4487dba1f774f05f1ea62/-546_qXIkvWMAv3:0
[  304818ms] [ERROR]  Note that 'script-src' was not explicitly set, so 'default-src' is used as a fallback. @ https://challenges.cloudflare.com/cdn-cgi/challenge-platform/h/g/turnstile/f/ov2/av0/rch/irfap/0x4AAAAAAAFqaqYE4BDlAyAC/light/fbE/api/flexible?lang=auto:0
[  305087ms] [ERROR] %c%d font-size:0;color:transparent NaN @ https://challenges.cloudflare.com/cdn-cgi/challenge-platform/h/g/turnstile/f/ov2/av0/rch/irfap/0x4AAAAAAAFqaqYE4BDlAyAC/light/fbE/api/flexible?lang=auto:0
[  305087ms] [ERROR] %c%d font-size:0;color:transparent NaN @ https://challenges.cloudflare.com/cdn-cgi/challenge-platform/h/g/turnstile/f/ov2/av0/rch/irfap/0x4AAAAAAAFqaqYE4BDlAyAC/light/fbE/api/flexible?lang=auto:0
[  305092ms] [WARNING] %c%d font-size:0;color:transparent NaN @ https://challenges.cloudflare.com/cdn-cgi/challenge-platform/h/g/turnstile/f/ov2/av0/rch/irfap/0x4AAAAAAAFqaqYE4BDlAyAC/light/fbE/api/flexible?lang=auto:0
[  305092ms] [WARNING] %c%d font-size:0;color:transparent NaN @ https://challenges.cloudflare.com/cdn-cgi/challenge-platform/h/g/turnstile/f/ov2/av0/rch/irfap/0x4AAAAAAAFqaqYE4BDlAyAC/light/fbE/api/flexible?lang=auto:0
[  315444ms] [WARNING] The resource https://challenges.cloudflare.com/cdn-cgi/challenge-platform/h/g/cmg/1 was preloaded using link preload but not used within a few seconds from the window's load event. Please make sure it has an appropriate `as` value and it is preloaded intentionally. @ https://challenges.cloudflare.com/cdn-cgi/challenge-platform/h/g/turnstile/f/ov2/av0/rch/irfap/0x4AAAAAAAFqaqYE4BDlAyAC/light/fbE/api/flexible?lang=auto:0
